#
# There is insufficient memory for the Java Runtime Environment to continue.
# Native memory allocation (malloc) failed to allocate 1738720 bytes. Error detail: Chunk::new
# Possible reasons:
#   The system is out of physical RAM or swap space
#   This process is running with CompressedOops enabled, and the Java Heap may be blocking the growth of the native heap
# Possible solutions:
#   Reduce memory load on the system
#   Increase physical memory or swap space
#   Check if swap backing store is full
#   Decrease Java heap size (-Xmx/-Xms)
#   Decrease number of Java threads
#   Decrease Java thread stack sizes (-Xss)
#   Set larger code cache with -XX:ReservedCodeCacheSize=
#   JVM is running with Unscaled Compressed Oops mode in which the Java heap is
#     placed in the first 4GB address space. The Java Heap base address is the
#     maximum limit for the native heap growth. Please use -XX:HeapBaseMinAddress
#     to set the Java Heap base and to place the Java Heap above 4GB virtual address.
# This output file may be truncated or incomplete.
#
#  Out of Memory Error (arena.cpp:191), pid=3112, tid=17932
#
# JRE version: OpenJDK Runtime Environment Temurin-17.0.11+9 (17.0.11+9) (build 17.0.11+9)
# Java VM: OpenJDK 64-Bit Server VM Temurin-17.0.11+9 (17.0.11+9, mixed mode, tiered, compressed oops, compressed class ptrs, parallel gc, windows-amd64)
# No core dump will be written. Minidumps are not enabled by default on client versions of Windows
#

---------------  S U M M A R Y ------------

Command Line: --add-modules=ALL-SYSTEM --add-opens=java.base/java.util=ALL-UNNAMED --add-opens=java.base/java.lang=ALL-UNNAMED --add-opens=java.base/sun.nio.fs=ALL-UNNAMED -Declipse.application=org.eclipse.jdt.ls.core.id1 -Dosgi.bundles.defaultStartLevel=4 -Declipse.product=org.eclipse.jdt.ls.core.product -Djava.import.generatesMetadataFilesAtProjectRoot=false -DDetectVMInstallationsJob.disabled=true -Dfile.encoding=utf8 -XX:+UseParallelGC -XX:GCTimeRatio=4 -XX:AdaptiveSizePolicyWeight=90 -Dsun.zip.disableMemoryMapping=true -Xmx1G -Xms100m -Xlog:disable -javaagent:c:\Users\ankit\.vscode\extensions\redhat.java-1.33.0-win32-x64\lombok\lombok-1.18.33.jar -XX:+HeapDumpOnOutOfMemoryError -XX:HeapDumpPath=c:\Users\ankit\AppData\Roaming\Code\User\workspaceStorage\6f5d324c18fec9a86b4db307edc36c5f\redhat.java -Daether.dependencyCollector.impl=bf c:\Users\ankit\.vscode\extensions\redhat.java-1.33.0-win32-x64\server\plugins\org.eclipse.equinox.launcher_1.6.900.v20240613-2009.jar -configuration c:\Users\ankit\AppData\Roaming\Code\User\globalStorage\redhat.java\1.33.0\config_win -data c:\Users\ankit\AppData\Roaming\Code\User\workspaceStorage\6f5d324c18fec9a86b4db307edc36c5f\redhat.java\jdt_ws --pipe=\\.\pipe\lsp-e246a38dacea0689d17c5307cc2a1d37-sock

Host: 11th Gen Intel(R) Core(TM) i5-11300H @ 3.10GHz, 8 cores, 7G,  Windows 11 , 64 bit Build 22000 (10.0.22000.1880)
Time: Sun Aug 11 09:02:16 2024 India Standard Time elapsed time: 8.691462 seconds (0d 0h 0m 8s)

---------------  T H R E A D  ---------------

Current thread (0x0000029860789080):  JavaThread "C2 CompilerThread2" daemon [_thread_in_native, id=17932, stack(0x000000b79e900000,0x000000b79ea00000)]


Current CompileTask:
C2:   8691 6706       4       org.lombokweb.asm.ClassReader::readCode (5117 bytes)

Stack: [0x000000b79e900000,0x000000b79ea00000]
Native frames: (J=compiled Java code, j=interpreted, Vv=VM code, C=native code)
V  [jvm.dll+0x67d429]
V  [jvm.dll+0x834b7a]
V  [jvm.dll+0x83663e]
V  [jvm.dll+0x836ca3]
V  [jvm.dll+0x247dbf]
V  [jvm.dll+0xac534]
V  [jvm.dll+0xacb7c]
V  [jvm.dll+0x366647]
V  [jvm.dll+0x330bba]
V  [jvm.dll+0x33005a]
V  [jvm.dll+0x21a471]
V  [jvm.dll+0x2198b1]
V  [jvm.dll+0x1a534d]
V  [jvm.dll+0x2295cd]
V  [jvm.dll+0x22779c]
V  [jvm.dll+0x7e9d07]
V  [jvm.dll+0x7e410a]
V  [jvm.dll+0x67c315]
C  [ucrtbase.dll+0x26c0c]
C  [KERNEL32.DLL+0x155a0]
C  [ntdll.dll+0x485b]


---------------  P R O C E S S  ---------------

Threads class SMR info:
_java_thread_list=0x0000029863ecc590, length=45, elements={
0x0000029845e1fa10, 0x0000029845ed44f0, 0x0000029845ed7860, 0x0000029845edbf60,
0x0000029845ede940, 0x000002985ef67aa0, 0x000002985ef6c010, 0x000002985ef6db50,
0x000002985ef70c10, 0x000002985ef79cf0, 0x0000029845e821c0, 0x000002985f1bb250,
0x00000298605ce6d0, 0x00000298607d20b0, 0x00000298605f7b50, 0x00000298605f8890,
0x0000029860962050, 0x0000029860f65f90, 0x0000029860f64130, 0x0000029860f65a80,
0x0000029860f664a0, 0x0000029860f61fe0, 0x0000029860f669b0, 0x0000029860f64640,
0x0000029860f66ec0, 0x0000029860f64b50, 0x0000029860f65060, 0x0000029860f65570,
0x000002986256e260, 0x0000029862572940, 0x0000029862574cb0, 0x0000029862570ff0,
0x0000029862573360, 0x0000029862572e50, 0x000002986256f190, 0x00000298625751c0,
0x00000298625747a0, 0x0000029860789080, 0x0000029862573d80, 0x0000029862573870,
0x000002986256f6a0, 0x000002986256fbb0, 0x0000029862572430, 0x0000029862571a10,
0x00000298625756d0
}

Java Threads: ( => current thread )
  0x0000029845e1fa10 JavaThread "main" [_thread_blocked, id=17644, stack(0x000000b79c700000,0x000000b79c800000)]
  0x0000029845ed44f0 JavaThread "Reference Handler" daemon [_thread_blocked, id=4484, stack(0x000000b79ca00000,0x000000b79cb00000)]
  0x0000029845ed7860 JavaThread "Finalizer" daemon [_thread_blocked, id=18408, stack(0x000000b79cb00000,0x000000b79cc00000)]
  0x0000029845edbf60 JavaThread "Signal Dispatcher" daemon [_thread_blocked, id=17752, stack(0x000000b79cc00000,0x000000b79cd00000)]
  0x0000029845ede940 JavaThread "Attach Listener" daemon [_thread_blocked, id=5356, stack(0x000000b79cd00000,0x000000b79ce00000)]
  0x000002985ef67aa0 JavaThread "Service Thread" daemon [_thread_blocked, id=13308, stack(0x000000b79ce00000,0x000000b79cf00000)]
  0x000002985ef6c010 JavaThread "Monitor Deflation Thread" daemon [_thread_blocked, id=10860, stack(0x000000b79cf00000,0x000000b79d000000)]
  0x000002985ef6db50 JavaThread "C2 CompilerThread0" daemon [_thread_blocked, id=15392, stack(0x000000b79d000000,0x000000b79d100000)]
  0x000002985ef70c10 JavaThread "C1 CompilerThread0" daemon [_thread_blocked, id=13460, stack(0x000000b79d100000,0x000000b79d200000)]
  0x000002985ef79cf0 JavaThread "Sweeper thread" daemon [_thread_blocked, id=16624, stack(0x000000b79d200000,0x000000b79d300000)]
  0x0000029845e821c0 JavaThread "Common-Cleaner" daemon [_thread_blocked, id=1992, stack(0x000000b79d300000,0x000000b79d400000)]
  0x000002985f1bb250 JavaThread "Notification Thread" daemon [_thread_blocked, id=13208, stack(0x000000b79d500000,0x000000b79d600000)]
  0x00000298605ce6d0 JavaThread "Active Thread: Equinox Container: ed85f281-0126-4256-a91c-4520fcc081b7" [_thread_blocked, id=17084, stack(0x000000b79de00000,0x000000b79df00000)]
  0x00000298607d20b0 JavaThread "Framework Event Dispatcher: Equinox Container: ed85f281-0126-4256-a91c-4520fcc081b7" daemon [_thread_blocked, id=8236, stack(0x000000b79df00000,0x000000b79e000000)]
  0x00000298605f7b50 JavaThread "Start Level: Equinox Container: ed85f281-0126-4256-a91c-4520fcc081b7" daemon [_thread_blocked, id=17656, stack(0x000000b79e000000,0x000000b79e100000)]
  0x00000298605f8890 JavaThread "Bundle File Closer" daemon [_thread_blocked, id=15664, stack(0x000000b79e200000,0x000000b79e300000)]
  0x0000029860962050 JavaThread "SCR Component Actor" daemon [_thread_blocked, id=18364, stack(0x000000b79e300000,0x000000b79e400000)]
  0x0000029860f65f90 JavaThread "Worker-JM" [_thread_blocked, id=2084, stack(0x000000b79d400000,0x000000b79d500000)]
  0x0000029860f64130 JavaThread "JNA Cleaner" daemon [_thread_blocked, id=4968, stack(0x000000b79e400000,0x000000b79e500000)]
  0x0000029860f65a80 JavaThread "Worker-0" [_thread_blocked, id=10676, stack(0x000000b79e500000,0x000000b79e600000)]
  0x0000029860f664a0 JavaThread "Worker-1" [_thread_blocked, id=17780, stack(0x000000b79e600000,0x000000b79e700000)]
  0x0000029860f61fe0 JavaThread "C2 CompilerThread1" daemon [_thread_blocked, id=17072, stack(0x000000b79e700000,0x000000b79e800000)]
  0x0000029860f669b0 JavaThread "Worker-2" [_thread_blocked, id=18192, stack(0x000000b79e800000,0x000000b79e900000)]
  0x0000029860f64640 JavaThread "Java indexing" daemon [_thread_blocked, id=17768, stack(0x000000b79ea00000,0x000000b79eb00000)]
  0x0000029860f66ec0 JavaThread "Thread-2" daemon [_thread_in_native, id=16556, stack(0x000000b79eb00000,0x000000b79ec00000)]
  0x0000029860f64b50 JavaThread "Thread-3" daemon [_thread_in_native, id=17868, stack(0x000000b79ec00000,0x000000b79ed00000)]
  0x0000029860f65060 JavaThread "Thread-4" daemon [_thread_in_native, id=17660, stack(0x000000b79ed00000,0x000000b79ee00000)]
  0x0000029860f65570 JavaThread "Thread-5" daemon [_thread_in_native, id=11212, stack(0x000000b79ee00000,0x000000b79ef00000)]
  0x000002986256e260 JavaThread "Thread-6" daemon [_thread_in_native, id=18016, stack(0x000000b79ef00000,0x000000b79f000000)]
  0x0000029862572940 JavaThread "Thread-7" daemon [_thread_in_native, id=8720, stack(0x000000b79f000000,0x000000b79f100000)]
  0x0000029862574cb0 JavaThread "Thread-8" daemon [_thread_in_native, id=3456, stack(0x000000b79f100000,0x000000b79f200000)]
  0x0000029862570ff0 JavaThread "Thread-9" daemon [_thread_in_native, id=11952, stack(0x000000b79f200000,0x000000b79f300000)]
  0x0000029862573360 JavaThread "Thread-10" daemon [_thread_in_native, id=1580, stack(0x000000b79f300000,0x000000b79f400000)]
  0x0000029862572e50 JavaThread "pool-2-thread-1" [_thread_blocked, id=6828, stack(0x000000b79f400000,0x000000b79f500000)]
  0x000002986256f190 JavaThread "Worker-3" [_thread_blocked, id=18320, stack(0x000000b79f500000,0x000000b79f600000)]
  0x00000298625751c0 JavaThread "WorkspaceEventsHandler" [_thread_blocked, id=4760, stack(0x000000b79f600000,0x000000b79f700000)]
  0x00000298625747a0 JavaThread "pool-1-thread-1" [_thread_blocked, id=2276, stack(0x000000b79f700000,0x000000b79f800000)]
=>0x0000029860789080 JavaThread "C2 CompilerThread2" daemon [_thread_in_native, id=17932, stack(0x000000b79e900000,0x000000b79ea00000)]
  0x0000029862573d80 JavaThread "ForkJoinPool.commonPool-worker-1" daemon [_thread_blocked, id=17860, stack(0x000000b79f800000,0x000000b79f900000)]
  0x0000029862573870 JavaThread "ForkJoinPool.commonPool-worker-2" daemon [_thread_blocked, id=4788, stack(0x000000b79f900000,0x000000b79fa00000)]
  0x000002986256f6a0 JavaThread "ForkJoinPool.commonPool-worker-3" daemon [_thread_blocked, id=15024, stack(0x000000b79fa00000,0x000000b79fb00000)]
  0x000002986256fbb0 JavaThread "ForkJoinPool.commonPool-worker-4" daemon [_thread_blocked, id=15752, stack(0x000000b79fb00000,0x000000b79fc00000)]
  0x0000029862572430 JavaThread "ForkJoinPool.commonPool-worker-5" daemon [_thread_blocked, id=6772, stack(0x000000b79fc00000,0x000000b79fd00000)]
  0x0000029862571a10 JavaThread "ForkJoinPool.commonPool-worker-6" daemon [_thread_blocked, id=1700, stack(0x000000b79fd00000,0x000000b79fe00000)]
  0x00000298625756d0 JavaThread "ForkJoinPool.commonPool-worker-7" daemon [_thread_blocked, id=3004, stack(0x000000b79fe00000,0x000000b79ff00000)]

Other Threads:
  0x000002985ef20c20 VMThread "VM Thread" [stack: 0x000000b79c900000,0x000000b79ca00000] [id=13192]
  0x000002985f213d40 WatcherThread [stack: 0x000000b79d600000,0x000000b79d700000] [id=17728]
  0x0000029845e36780 GCTaskThread "GC Thread#0" [stack: 0x000000b79c800000,0x000000b79c900000] [id=14280]
  0x000002985ff88520 GCTaskThread "GC Thread#1" [stack: 0x000000b79d800000,0x000000b79d900000] [id=16148]
  0x000002985ff887e0 GCTaskThread "GC Thread#2" [stack: 0x000000b79d900000,0x000000b79da00000] [id=3620]
  0x000002985ff23640 GCTaskThread "GC Thread#3" [stack: 0x000000b79da00000,0x000000b79db00000] [id=12216]
  0x000002985ff23900 GCTaskThread "GC Thread#4" [stack: 0x000000b79db00000,0x000000b79dc00000] [id=17208]
  0x000002985ff23bc0 GCTaskThread "GC Thread#5" [stack: 0x000000b79dc00000,0x000000b79dd00000] [id=12924]
  0x000002986056bc10 GCTaskThread "GC Thread#6" [stack: 0x000000b79dd00000,0x000000b79de00000] [id=18344]
  0x00000298605dc820 GCTaskThread "GC Thread#7" [stack: 0x000000b79e100000,0x000000b79e200000] [id=9232]

Threads with active compile tasks:
C2 CompilerThread2     8709 6706       4       org.lombokweb.asm.ClassReader::readCode (5117 bytes)

VM state: not at safepoint (normal execution)

VM Mutex/Monitor currently owned by a thread: None

Heap address: 0x00000000c0000000, size: 1024 MB, Compressed Oops mode: 32-bit

CDS archive(s) not mapped
Compressed class space mapped at: 0x0000000100000000-0x0000000140000000, reserved size: 1073741824
Narrow klass base: 0x0000000000000000, Narrow klass shift: 3, Narrow klass range: 0x140000000

GC Precious Log:
 CPUs: 8 total, 8 available
 Memory: 7937M
 Large Page Support: Disabled
 NUMA Support: Disabled
 Compressed Oops: Enabled (32-bit)
 Alignments: Space 512K, Generation 512K, Heap 2M
 Heap Min Capacity: 100M
 Heap Initial Capacity: 100M
 Heap Max Capacity: 1G
 Pre-touch: Disabled
 Parallel Workers: 8

Heap:
 PSYoungGen      total 26112K, used 7009K [0x00000000eab00000, 0x00000000ed200000, 0x0000000100000000)
  eden space 13824K, 50% used [0x00000000eab00000,0x00000000eb1d84a0,0x00000000eb880000)
  from space 12288K, 0% used [0x00000000eb880000,0x00000000eb880000,0x00000000ec480000)
  to   space 12288K, 0% used [0x00000000ec600000,0x00000000ec600000,0x00000000ed200000)
 ParOldGen       total 79872K, used 68091K [0x00000000c0000000, 0x00000000c4e00000, 0x00000000eab00000)
  object space 79872K, 85% used [0x00000000c0000000,0x00000000c427ee88,0x00000000c4e00000)
 Metaspace       used 64782K, committed 65856K, reserved 1114112K
  class space    used 6949K, committed 7360K, reserved 1048576K

Card table byte_map: [0x00000298457f0000,0x0000029845a00000] _byte_map_base: 0x00000298451f0000

Marking Bits: (ParMarkBitMap*) 0x00007ff868fbd820
 Begin Bits: [0x0000029857ac0000, 0x0000029858ac0000)
 End Bits:   [0x0000029858ac0000, 0x0000029859ac0000)

Polling page: 0x00000298455e0000

Metaspace:

Usage:
  Non-class:     56.48 MB used.
      Class:      6.79 MB used.
       Both:     63.26 MB used.

Virtual space:
  Non-class space:       64.00 MB reserved,      57.12 MB ( 89%) committed,  1 nodes.
      Class space:        1.00 GB reserved,       7.19 MB ( <1%) committed,  1 nodes.
             Both:        1.06 GB reserved,      64.31 MB (  6%) committed. 

Chunk freelists:
   Non-Class:  6.84 MB
       Class:  8.83 MB
        Both:  15.67 MB

MaxMetaspaceSize: unlimited
CompressedClassSpaceSize: 1.00 GB
Initial GC threshold: 21.00 MB
Current GC threshold: 106.50 MB
CDS: off
MetaspaceReclaimPolicy: balanced
 - commit_granule_bytes: 65536.
 - commit_granule_words: 8192.
 - virtual_space_node_default_size: 8388608.
 - enlarge_chunks_in_place: 1.
 - new_chunks_are_fully_committed: 0.
 - uncommit_free_chunks: 1.
 - use_allocation_guard: 0.
 - handle_deallocations: 1.


Internal statistics:

num_allocs_failed_limit: 11.
num_arena_births: 630.
num_arena_deaths: 28.
num_vsnodes_births: 2.
num_vsnodes_deaths: 0.
num_space_committed: 1029.
num_space_uncommitted: 0.
num_chunks_returned_to_freelist: 46.
num_chunks_taken_from_freelist: 3120.
num_chunk_merges: 22.
num_chunk_splits: 2017.
num_chunks_enlarged: 1280.
num_inconsistent_stats: 0.

CodeHeap 'non-profiled nmethods': size=120000Kb used=3980Kb max_used=3980Kb free=116019Kb
 bounds [0x0000029850590000, 0x0000029850980000, 0x0000029857ac0000]
CodeHeap 'profiled nmethods': size=120000Kb used=12462Kb max_used=12462Kb free=107537Kb
 bounds [0x0000029848ac0000, 0x00000298496f0000, 0x000002984fff0000]
CodeHeap 'non-nmethods': size=5760Kb used=1369Kb max_used=1408Kb free=4390Kb
 bounds [0x000002984fff0000, 0x0000029850260000, 0x0000029850590000]
 total_blobs=6619 nmethods=5911 adapters=620
 compilation: enabled
              stopped_count=0, restarted_count=0
 full_count=0

Compilation events (20 events):
Event: 8.632 Thread 0x000002985ef70c10 6720       3       org.eclipse.lsp4j.jsonrpc.json.adapters.MessageTypeAdapter$Factory::create (27 bytes)
Event: 8.632 Thread 0x000002985ef70c10 nmethod 6720 0x00000298496e4110 code [0x00000298496e42e0, 0x00000298496e4668]
Event: 8.632 Thread 0x000002985ef70c10 6722       3       java.lang.invoke.InnerClassLambdaMetafactory::generateConstructor (151 bytes)
Event: 8.633 Thread 0x000002985ef70c10 nmethod 6722 0x00000298496e4810 code [0x00000298496e4ae0, 0x00000298496e59e8]
Event: 8.633 Thread 0x000002985ef70c10 6726   !   3       java.lang.reflect.Field::declaredAnnotations (82 bytes)
Event: 8.633 Thread 0x000002985ef70c10 nmethod 6726 0x00000298496e5f90 code [0x00000298496e6180, 0x00000298496e6648]
Event: 8.633 Thread 0x000002985ef70c10 6721   !   3       org.eclipse.lsp4j.jsonrpc.json.adapters.EnumTypeAdapter$Factory::create (55 bytes)
Event: 8.634 Thread 0x000002985ef70c10 nmethod 6721 0x00000298496e6910 code [0x00000298496e6b20, 0x00000298496e7088]
Event: 8.634 Thread 0x000002985ef70c10 6724       3       jdk.internal.org.objectweb.asm.ClassReader::readConst (276 bytes)
Event: 8.634 Thread 0x000002985ef70c10 nmethod 6724 0x00000298496e7310 code [0x00000298496e77a0, 0x00000298496e9478]
Event: 8.635 Thread 0x000002985ef70c10 6723       3       jdk.internal.org.objectweb.asm.ClassWriter::visitEnd (1 bytes)
Event: 8.635 Thread 0x000002985ef70c10 nmethod 6723 0x00000298496e9f10 code [0x00000298496ea0a0, 0x00000298496ea1b8]
Event: 8.635 Thread 0x000002985ef70c10 6725       3       jdk.internal.org.objectweb.asm.ClassReader::readUtf (44 bytes)
Event: 8.635 Thread 0x000002985ef70c10 nmethod 6725 0x00000298496ea290 code [0x00000298496ea460, 0x00000298496ea7f8]
Event: 8.635 Thread 0x0000029860f61fe0 nmethod 6694 0x000002985096cc10 code [0x000002985096cf00, 0x000002985096f5b0]
Event: 8.635 Thread 0x0000029860f61fe0 6708       4       org.lombokweb.asm.ClassReader::readVerificationTypeInfo (184 bytes)
Event: 8.637 Thread 0x000002985ef6db50 nmethod 6709 0x0000029850970f90 code [0x00000298509711c0, 0x0000029850971b90]
Event: 8.639 Thread 0x0000029860f61fe0 nmethod 6708 0x0000029850972390 code [0x0000029850972580, 0x0000029850972c08]
Event: 8.671 Thread 0x000002985ef70c10 6727       3       java.util.TaskQueue::isEmpty (13 bytes)
Event: 8.671 Thread 0x000002985ef70c10 nmethod 6727 0x00000298496ea990 code [0x00000298496eab20, 0x00000298496eac98]

GC Heap History (20 events):
Event: 7.656 GC heap before
{Heap before GC invocations=29 (full 2):
 PSYoungGen      total 22528K, used 15966K [0x00000000eab00000, 0x00000000ec580000, 0x0000000100000000)
  eden space 22016K, 71% used [0x00000000eab00000,0x00000000eba67808,0x00000000ec080000)
  from space 512K, 37% used [0x00000000ec500000,0x00000000ec530000,0x00000000ec580000)
  to   space 512K, 0% used [0x00000000ec480000,0x00000000ec480000,0x00000000ec500000)
 ParOldGen       total 68608K, used 33079K [0x00000000c0000000, 0x00000000c4300000, 0x00000000eab00000)
  object space 68608K, 48% used [0x00000000c0000000,0x00000000c204de90,0x00000000c4300000)
 Metaspace       used 58718K, committed 59776K, reserved 1114112K
  class space    used 6323K, committed 6784K, reserved 1048576K
}
Event: 7.658 GC heap after
{Heap after GC invocations=29 (full 2):
 PSYoungGen      total 22528K, used 509K [0x00000000eab00000, 0x00000000ec580000, 0x0000000100000000)
  eden space 22016K, 0% used [0x00000000eab00000,0x00000000eab00000,0x00000000ec080000)
  from space 512K, 99% used [0x00000000ec480000,0x00000000ec4ff5b0,0x00000000ec500000)
  to   space 512K, 0% used [0x00000000ec500000,0x00000000ec500000,0x00000000ec580000)
 ParOldGen       total 68608K, used 33281K [0x00000000c0000000, 0x00000000c4300000, 0x00000000eab00000)
  object space 68608K, 48% used [0x00000000c0000000,0x00000000c2080570,0x00000000c4300000)
 Metaspace       used 58718K, committed 59776K, reserved 1114112K
  class space    used 6323K, committed 6784K, reserved 1048576K
}
Event: 7.658 GC heap before
{Heap before GC invocations=30 (full 3):
 PSYoungGen      total 22528K, used 509K [0x00000000eab00000, 0x00000000ec580000, 0x0000000100000000)
  eden space 22016K, 0% used [0x00000000eab00000,0x00000000eab00000,0x00000000ec080000)
  from space 512K, 99% used [0x00000000ec480000,0x00000000ec4ff5b0,0x00000000ec500000)
  to   space 512K, 0% used [0x00000000ec500000,0x00000000ec500000,0x00000000ec580000)
 ParOldGen       total 68608K, used 33281K [0x00000000c0000000, 0x00000000c4300000, 0x00000000eab00000)
  object space 68608K, 48% used [0x00000000c0000000,0x00000000c2080570,0x00000000c4300000)
 Metaspace       used 58718K, committed 59776K, reserved 1114112K
  class space    used 6323K, committed 6784K, reserved 1048576K
}
Event: 7.703 GC heap after
{Heap after GC invocations=30 (full 3):
 PSYoungGen      total 22528K, used 0K [0x00000000eab00000, 0x00000000ec580000, 0x0000000100000000)
  eden space 22016K, 0% used [0x00000000eab00000,0x00000000eab00000,0x00000000ec080000)
  from space 512K, 0% used [0x00000000ec480000,0x00000000ec480000,0x00000000ec500000)
  to   space 512K, 0% used [0x00000000ec500000,0x00000000ec500000,0x00000000ec580000)
 ParOldGen       total 68608K, used 28067K [0x00000000c0000000, 0x00000000c4300000, 0x00000000eab00000)
  object space 68608K, 40% used [0x00000000c0000000,0x00000000c1b68e20,0x00000000c4300000)
 Metaspace       used 58718K, committed 59776K, reserved 1114112K
  class space    used 6323K, committed 6784K, reserved 1048576K
}
Event: 8.072 GC heap before
{Heap before GC invocations=31 (full 3):
 PSYoungGen      total 22528K, used 22016K [0x00000000eab00000, 0x00000000ec580000, 0x0000000100000000)
  eden space 22016K, 100% used [0x00000000eab00000,0x00000000ec080000,0x00000000ec080000)
  from space 512K, 0% used [0x00000000ec480000,0x00000000ec480000,0x00000000ec500000)
  to   space 512K, 0% used [0x00000000ec500000,0x00000000ec500000,0x00000000ec580000)
 ParOldGen       total 68608K, used 28067K [0x00000000c0000000, 0x00000000c4300000, 0x00000000eab00000)
  object space 68608K, 40% used [0x00000000c0000000,0x00000000c1b68e20,0x00000000c4300000)
 Metaspace       used 61711K, committed 62784K, reserved 1114112K
  class space    used 6625K, committed 7104K, reserved 1048576K
}
Event: 8.073 GC heap after
{Heap after GC invocations=31 (full 3):
 PSYoungGen      total 22528K, used 512K [0x00000000eab00000, 0x00000000ec580000, 0x0000000100000000)
  eden space 22016K, 0% used [0x00000000eab00000,0x00000000eab00000,0x00000000ec080000)
  from space 512K, 100% used [0x00000000ec500000,0x00000000ec580000,0x00000000ec580000)
  to   space 1024K, 0% used [0x00000000ec380000,0x00000000ec380000,0x00000000ec480000)
 ParOldGen       total 68608K, used 28275K [0x00000000c0000000, 0x00000000c4300000, 0x00000000eab00000)
  object space 68608K, 41% used [0x00000000c0000000,0x00000000c1b9ce30,0x00000000c4300000)
 Metaspace       used 61711K, committed 62784K, reserved 1114112K
  class space    used 6625K, committed 7104K, reserved 1048576K
}
Event: 8.261 GC heap before
{Heap before GC invocations=32 (full 3):
 PSYoungGen      total 22528K, used 20829K [0x00000000eab00000, 0x00000000ec580000, 0x0000000100000000)
  eden space 22016K, 92% used [0x00000000eab00000,0x00000000ebed76f0,0x00000000ec080000)
  from space 512K, 100% used [0x00000000ec500000,0x00000000ec580000,0x00000000ec580000)
  to   space 1024K, 0% used [0x00000000ec380000,0x00000000ec380000,0x00000000ec480000)
 ParOldGen       total 68608K, used 28275K [0x00000000c0000000, 0x00000000c4300000, 0x00000000eab00000)
  object space 68608K, 41% used [0x00000000c0000000,0x00000000c1b9ce30,0x00000000c4300000)
 Metaspace       used 63305K, committed 64384K, reserved 1114112K
  class space    used 6804K, committed 7232K, reserved 1048576K
}
Event: 8.263 GC heap after
{Heap after GC invocations=32 (full 3):
 PSYoungGen      total 23040K, used 704K [0x00000000eab00000, 0x00000000ec580000, 0x0000000100000000)
  eden space 22016K, 0% used [0x00000000eab00000,0x00000000eab00000,0x00000000ec080000)
  from space 1024K, 68% used [0x00000000ec380000,0x00000000ec430000,0x00000000ec480000)
  to   space 1024K, 0% used [0x00000000ec480000,0x00000000ec480000,0x00000000ec580000)
 ParOldGen       total 68608K, used 33298K [0x00000000c0000000, 0x00000000c4300000, 0x00000000eab00000)
  object space 68608K, 48% used [0x00000000c0000000,0x00000000c2084b28,0x00000000c4300000)
 Metaspace       used 63305K, committed 64384K, reserved 1114112K
  class space    used 6804K, committed 7232K, reserved 1048576K
}
Event: 8.346 GC heap before
{Heap before GC invocations=33 (full 3):
 PSYoungGen      total 23040K, used 22720K [0x00000000eab00000, 0x00000000ec580000, 0x0000000100000000)
  eden space 22016K, 100% used [0x00000000eab00000,0x00000000ec080000,0x00000000ec080000)
  from space 1024K, 68% used [0x00000000ec380000,0x00000000ec430000,0x00000000ec480000)
  to   space 1024K, 0% used [0x00000000ec480000,0x00000000ec480000,0x00000000ec580000)
 ParOldGen       total 79872K, used 70637K [0x00000000c0000000, 0x00000000c4e00000, 0x00000000eab00000)
  object space 79872K, 88% used [0x00000000c0000000,0x00000000c44fb678,0x00000000c4e00000)
 Metaspace       used 63312K, committed 64384K, reserved 1114112K
  class space    used 6805K, committed 7232K, reserved 1048576K
}
Event: 8.350 GC heap after
{Heap after GC invocations=33 (full 3):
 PSYoungGen      total 17920K, used 1024K [0x00000000eab00000, 0x00000000ed280000, 0x0000000100000000)
  eden space 16896K, 0% used [0x00000000eab00000,0x00000000eab00000,0x00000000ebb80000)
  from space 1024K, 100% used [0x00000000ec480000,0x00000000ec580000,0x00000000ec580000)
  to   space 9216K, 0% used [0x00000000ebb80000,0x00000000ebb80000,0x00000000ec480000)
 ParOldGen       total 79872K, used 77424K [0x00000000c0000000, 0x00000000c4e00000, 0x00000000eab00000)
  object space 79872K, 96% used [0x00000000c0000000,0x00000000c4b9c028,0x00000000c4e00000)
 Metaspace       used 63312K, committed 64384K, reserved 1114112K
  class space    used 6805K, committed 7232K, reserved 1048576K
}
Event: 8.350 GC heap before
{Heap before GC invocations=34 (full 4):
 PSYoungGen      total 17920K, used 1024K [0x00000000eab00000, 0x00000000ed280000, 0x0000000100000000)
  eden space 16896K, 0% used [0x00000000eab00000,0x00000000eab00000,0x00000000ebb80000)
  from space 1024K, 100% used [0x00000000ec480000,0x00000000ec580000,0x00000000ec580000)
  to   space 9216K, 0% used [0x00000000ebb80000,0x00000000ebb80000,0x00000000ec480000)
 ParOldGen       total 79872K, used 77424K [0x00000000c0000000, 0x00000000c4e00000, 0x00000000eab00000)
  object space 79872K, 96% used [0x00000000c0000000,0x00000000c4b9c028,0x00000000c4e00000)
 Metaspace       used 63312K, committed 64384K, reserved 1114112K
  class space    used 6805K, committed 7232K, reserved 1048576K
}
Event: 8.384 GC heap after
{Heap after GC invocations=34 (full 4):
 PSYoungGen      total 26112K, used 0K [0x00000000eab00000, 0x00000000ecd80000, 0x0000000100000000)
  eden space 16896K, 0% used [0x00000000eab00000,0x00000000eab00000,0x00000000ebb80000)
  from space 9216K, 0% used [0x00000000ebb80000,0x00000000ebb80000,0x00000000ec480000)
  to   space 9216K, 0% used [0x00000000ec480000,0x00000000ec480000,0x00000000ecd80000)
 ParOldGen       total 79872K, used 48583K [0x00000000c0000000, 0x00000000c4e00000, 0x00000000eab00000)
  object space 79872K, 60% used [0x00000000c0000000,0x00000000c2f71f78,0x00000000c4e00000)
 Metaspace       used 63312K, committed 64384K, reserved 1114112K
  class space    used 6805K, committed 7232K, reserved 1048576K
}
Event: 8.415 GC heap before
{Heap before GC invocations=35 (full 4):
 PSYoungGen      total 26112K, used 16896K [0x00000000eab00000, 0x00000000ecd80000, 0x0000000100000000)
  eden space 16896K, 100% used [0x00000000eab00000,0x00000000ebb80000,0x00000000ebb80000)
  from space 9216K, 0% used [0x00000000ebb80000,0x00000000ebb80000,0x00000000ec480000)
  to   space 9216K, 0% used [0x00000000ec480000,0x00000000ec480000,0x00000000ecd80000)
 ParOldGen       total 79872K, used 48583K [0x00000000c0000000, 0x00000000c4e00000, 0x00000000eab00000)
  object space 79872K, 60% used [0x00000000c0000000,0x00000000c2f71f78,0x00000000c4e00000)
 Metaspace       used 63312K, committed 64384K, reserved 1114112K
  class space    used 6805K, committed 7232K, reserved 1048576K
}
Event: 8.421 GC heap after
{Heap after GC invocations=35 (full 4):
 PSYoungGen      total 26112K, used 9216K [0x00000000eab00000, 0x00000000ecd80000, 0x0000000100000000)
  eden space 16896K, 0% used [0x00000000eab00000,0x00000000eab00000,0x00000000ebb80000)
  from space 9216K, 100% used [0x00000000ec480000,0x00000000ecd80000,0x00000000ecd80000)
  to   space 9216K, 0% used [0x00000000ebb80000,0x00000000ebb80000,0x00000000ec480000)
 ParOldGen       total 79872K, used 52223K [0x00000000c0000000, 0x00000000c4e00000, 0x00000000eab00000)
  object space 79872K, 65% used [0x00000000c0000000,0x00000000c32fff78,0x00000000c4e00000)
 Metaspace       used 63312K, committed 64384K, reserved 1114112K
  class space    used 6805K, committed 7232K, reserved 1048576K
}
Event: 8.444 GC heap before
{Heap before GC invocations=36 (full 4):
 PSYoungGen      total 26112K, used 26112K [0x00000000eab00000, 0x00000000ecd80000, 0x0000000100000000)
  eden space 16896K, 100% used [0x00000000eab00000,0x00000000ebb80000,0x00000000ebb80000)
  from space 9216K, 100% used [0x00000000ec480000,0x00000000ecd80000,0x00000000ecd80000)
  to   space 9216K, 0% used [0x00000000ebb80000,0x00000000ebb80000,0x00000000ec480000)
 ParOldGen       total 79872K, used 52223K [0x00000000c0000000, 0x00000000c4e00000, 0x00000000eab00000)
  object space 79872K, 65% used [0x00000000c0000000,0x00000000c32fff78,0x00000000c4e00000)
 Metaspace       used 63312K, committed 64384K, reserved 1114112K
  class space    used 6805K, committed 7232K, reserved 1048576K
}
Event: 8.452 GC heap after
{Heap after GC invocations=36 (full 4):
 PSYoungGen      total 26112K, used 9216K [0x00000000eab00000, 0x00000000ecd80000, 0x0000000100000000)
  eden space 16896K, 0% used [0x00000000eab00000,0x00000000eab00000,0x00000000ebb80000)
  from space 9216K, 100% used [0x00000000ebb80000,0x00000000ec480000,0x00000000ec480000)
  to   space 9216K, 0% used [0x00000000ec480000,0x00000000ec480000,0x00000000ecd80000)
 ParOldGen       total 79872K, used 65167K [0x00000000c0000000, 0x00000000c4e00000, 0x00000000eab00000)
  object space 79872K, 81% used [0x00000000c0000000,0x00000000c3fa3f78,0x00000000c4e00000)
 Metaspace       used 63312K, committed 64384K, reserved 1114112K
  class space    used 6805K, committed 7232K, reserved 1048576K
}
Event: 8.550 GC heap before
{Heap before GC invocations=37 (full 4):
 PSYoungGen      total 26112K, used 26098K [0x00000000eab00000, 0x00000000ecd80000, 0x0000000100000000)
  eden space 16896K, 99% used [0x00000000eab00000,0x00000000ebb7c918,0x00000000ebb80000)
  from space 9216K, 100% used [0x00000000ebb80000,0x00000000ec480000,0x00000000ec480000)
  to   space 9216K, 0% used [0x00000000ec480000,0x00000000ec480000,0x00000000ecd80000)
 ParOldGen       total 79872K, used 65167K [0x00000000c0000000, 0x00000000c4e00000, 0x00000000eab00000)
  object space 79872K, 81% used [0x00000000c0000000,0x00000000c3fa3f78,0x00000000c4e00000)
 Metaspace       used 64292K, committed 65408K, reserved 1114112K
  class space    used 6891K, committed 7360K, reserved 1048576K
}
Event: 8.556 GC heap after
{Heap after GC invocations=37 (full 4):
 PSYoungGen      total 23040K, used 6392K [0x00000000eab00000, 0x00000000ed380000, 0x0000000100000000)
  eden space 13824K, 0% used [0x00000000eab00000,0x00000000eab00000,0x00000000eb880000)
  from space 9216K, 69% used [0x00000000ec480000,0x00000000ecabe300,0x00000000ecd80000)
  to   space 12288K, 0% used [0x00000000eb880000,0x00000000eb880000,0x00000000ec480000)
 ParOldGen       total 79872K, used 74439K [0x00000000c0000000, 0x00000000c4e00000, 0x00000000eab00000)
  object space 79872K, 93% used [0x00000000c0000000,0x00000000c48b1f78,0x00000000c4e00000)
 Metaspace       used 64292K, committed 65408K, reserved 1114112K
  class space    used 6891K, committed 7360K, reserved 1048576K
}
Event: 8.556 GC heap before
{Heap before GC invocations=38 (full 5):
 PSYoungGen      total 23040K, used 6392K [0x00000000eab00000, 0x00000000ed380000, 0x0000000100000000)
  eden space 13824K, 0% used [0x00000000eab00000,0x00000000eab00000,0x00000000eb880000)
  from space 9216K, 69% used [0x00000000ec480000,0x00000000ecabe300,0x00000000ecd80000)
  to   space 12288K, 0% used [0x00000000eb880000,0x00000000eb880000,0x00000000ec480000)
 ParOldGen       total 79872K, used 74439K [0x00000000c0000000, 0x00000000c4e00000, 0x00000000eab00000)
  object space 79872K, 93% used [0x00000000c0000000,0x00000000c48b1f78,0x00000000c4e00000)
 Metaspace       used 64292K, committed 65408K, reserved 1114112K
  class space    used 6891K, committed 7360K, reserved 1048576K
}
Event: 8.601 GC heap after
{Heap after GC invocations=38 (full 5):
 PSYoungGen      total 26112K, used 0K [0x00000000eab00000, 0x00000000ed200000, 0x0000000100000000)
  eden space 13824K, 0% used [0x00000000eab00000,0x00000000eab00000,0x00000000eb880000)
  from space 12288K, 0% used [0x00000000eb880000,0x00000000eb880000,0x00000000ec480000)
  to   space 12288K, 0% used [0x00000000ec600000,0x00000000ec600000,0x00000000ed200000)
 ParOldGen       total 79872K, used 68091K [0x00000000c0000000, 0x00000000c4e00000, 0x00000000eab00000)
  object space 79872K, 85% used [0x00000000c0000000,0x00000000c427ee88,0x00000000c4e00000)
 Metaspace       used 64292K, committed 65408K, reserved 1114112K
  class space    used 6891K, committed 7360K, reserved 1048576K
}

Dll operation events (10 events):
Event: 0.010 Loaded shared library c:\Users\ankit\.vscode\extensions\redhat.java-1.33.0-win32-x64\jre\17.0.11-win32-x86_64\bin\java.dll
Event: 0.158 Loaded shared library c:\Users\ankit\.vscode\extensions\redhat.java-1.33.0-win32-x64\jre\17.0.11-win32-x86_64\bin\zip.dll
Event: 0.161 Loaded shared library C:\Users\ankit\.vscode\extensions\redhat.java-1.33.0-win32-x64\jre\17.0.11-win32-x86_64\bin\instrument.dll
Event: 0.197 Loaded shared library C:\Users\ankit\.vscode\extensions\redhat.java-1.33.0-win32-x64\jre\17.0.11-win32-x86_64\bin\net.dll
Event: 0.201 Loaded shared library C:\Users\ankit\.vscode\extensions\redhat.java-1.33.0-win32-x64\jre\17.0.11-win32-x86_64\bin\nio.dll
Event: 0.211 Loaded shared library C:\Users\ankit\.vscode\extensions\redhat.java-1.33.0-win32-x64\jre\17.0.11-win32-x86_64\bin\zip.dll
Event: 0.237 Loaded shared library C:\Users\ankit\.vscode\extensions\redhat.java-1.33.0-win32-x64\jre\17.0.11-win32-x86_64\bin\jimage.dll
Event: 0.332 Loaded shared library c:\Users\ankit\.vscode\extensions\redhat.java-1.33.0-win32-x64\jre\17.0.11-win32-x86_64\bin\verify.dll
Event: 1.837 Loaded shared library C:\Users\ankit\AppData\Roaming\Code\User\globalStorage\redhat.java\1.33.0\config_win\org.eclipse.equinox.launcher\org.eclipse.equinox.launcher.win32.win32.x86_64_1.2.1100.v20240722-2106\eclipse_11904.dll
Event: 3.215 Loaded shared library C:\Users\ankit\AppData\Local\Temp\jna-92964745\jna16563347125465310207.dll

Deoptimization events (20 events):
Event: 8.607 Thread 0x0000029862571a10 Uncommon trap: trap_request=0xffffff45 fr.pc=0x0000029850880b9c relative=0x000000000000083c
Event: 8.607 Thread 0x0000029862571a10 Uncommon trap: reason=unstable_if action=reinterpret pc=0x0000029850880b9c method=org.eclipse.jdt.internal.core.util.WeakHashSet.cleanupGarbageCollectedValues()V @ 140 c2
Event: 8.607 Thread 0x0000029862571a10 DEOPT PACKING pc=0x0000029850880b9c sp=0x000000b79fdfec00
Event: 8.607 Thread 0x0000029862571a10 DEOPT UNPACKING pc=0x0000029850049ea3 sp=0x000000b79fdfeb28 mode 2
Event: 8.617 Thread 0x0000029862571a10 DEOPT PACKING pc=0x000002984953f3d8 sp=0x000000b79fdf8450
Event: 8.617 Thread 0x0000029862571a10 DEOPT UNPACKING pc=0x000002985004a9e3 sp=0x000000b79fdf7b60 mode 0
Event: 8.619 Thread 0x0000029862571a10 DEOPT PACKING pc=0x000002984953f3d8 sp=0x000000b79fdf8450
Event: 8.619 Thread 0x0000029862571a10 DEOPT UNPACKING pc=0x000002985004a9e3 sp=0x000000b79fdf7b60 mode 0
Event: 8.627 Thread 0x0000029862571a10 Uncommon trap: trap_request=0xffffffde fr.pc=0x0000029850933368 relative=0x0000000000000068
Event: 8.627 Thread 0x0000029862571a10 Uncommon trap: reason=class_check action=maybe_recompile pc=0x0000029850933368 method=java.util.LinkedHashMap.afterNodeInsertion(Z)V @ 15 c2
Event: 8.627 Thread 0x0000029862571a10 DEOPT PACKING pc=0x0000029850933368 sp=0x000000b79fdfec00
Event: 8.627 Thread 0x0000029862571a10 DEOPT UNPACKING pc=0x0000029850049ea3 sp=0x000000b79fdfeb78 mode 2
Event: 8.631 Thread 0x00000298625756d0 Uncommon trap: trap_request=0xffffffde fr.pc=0x0000029850933368 relative=0x0000000000000068
Event: 8.631 Thread 0x00000298625756d0 Uncommon trap: reason=class_check action=maybe_recompile pc=0x0000029850933368 method=java.util.LinkedHashMap.afterNodeInsertion(Z)V @ 15 c2
Event: 8.631 Thread 0x00000298625756d0 DEOPT PACKING pc=0x0000029850933368 sp=0x000000b79fefec40
Event: 8.631 Thread 0x00000298625756d0 DEOPT UNPACKING pc=0x0000029850049ea3 sp=0x000000b79fefebb8 mode 2
Event: 8.632 Thread 0x0000029862571a10 Uncommon trap: trap_request=0xffffff45 fr.pc=0x000002985082d608 relative=0x0000000000000a28
Event: 8.632 Thread 0x0000029862571a10 Uncommon trap: reason=unstable_if action=reinterpret pc=0x000002985082d608 method=java.lang.reflect.Field.declaredAnnotations()Ljava/util/Map; @ 19 c2
Event: 8.632 Thread 0x0000029862571a10 DEOPT PACKING pc=0x000002985082d608 sp=0x000000b79fdfd320
Event: 8.632 Thread 0x0000029862571a10 DEOPT UNPACKING pc=0x0000029850049ea3 sp=0x000000b79fdfd288 mode 2

Classes unloaded (14 events):
Event: 2.758 Thread 0x000002985ef20c20 Unloading class 0x0000000100252400 'java/lang/invoke/LambdaForm$MH+0x0000000100252400'
Event: 2.758 Thread 0x000002985ef20c20 Unloading class 0x0000000100252000 'java/lang/invoke/LambdaForm$MH+0x0000000100252000'
Event: 2.758 Thread 0x000002985ef20c20 Unloading class 0x0000000100251c00 'java/lang/invoke/LambdaForm$MH+0x0000000100251c00'
Event: 2.758 Thread 0x000002985ef20c20 Unloading class 0x0000000100251800 'java/lang/invoke/LambdaForm$MH+0x0000000100251800'
Event: 2.758 Thread 0x000002985ef20c20 Unloading class 0x0000000100251400 'java/lang/invoke/LambdaForm$BMH+0x0000000100251400'
Event: 2.758 Thread 0x000002985ef20c20 Unloading class 0x0000000100251000 'java/lang/invoke/LambdaForm$DMH+0x0000000100251000'
Event: 2.758 Thread 0x000002985ef20c20 Unloading class 0x000000010024c400 'java/lang/invoke/LambdaForm$DMH+0x000000010024c400'
Event: 4.391 Thread 0x000002985ef20c20 Unloading class 0x0000000100252c00 'java/lang/invoke/LambdaForm$MH+0x0000000100252c00'
Event: 4.391 Thread 0x000002985ef20c20 Unloading class 0x0000000100251c00 'java/lang/invoke/LambdaForm$MH+0x0000000100251c00'
Event: 4.391 Thread 0x000002985ef20c20 Unloading class 0x0000000100251800 'java/lang/invoke/LambdaForm$MH+0x0000000100251800'
Event: 4.391 Thread 0x000002985ef20c20 Unloading class 0x0000000100251400 'java/lang/invoke/LambdaForm$MH+0x0000000100251400'
Event: 4.391 Thread 0x000002985ef20c20 Unloading class 0x0000000100251000 'java/lang/invoke/LambdaForm$BMH+0x0000000100251000'
Event: 4.391 Thread 0x000002985ef20c20 Unloading class 0x0000000100252400 'java/lang/invoke/LambdaForm$DMH+0x0000000100252400'
Event: 4.391 Thread 0x000002985ef20c20 Unloading class 0x0000000100252000 'java/lang/invoke/LambdaForm$DMH+0x0000000100252000'

Classes redefined (0 events):
No events

Internal exceptions (20 events):
Event: 8.127 Thread 0x0000029860f65a80 Exception <a 'sun/nio/fs/WindowsException'{0x00000000eb1f1c08}> (0x00000000eb1f1c08) 
thrown [s\src\hotspot\share\prims\jni.cpp, line 516]
Event: 8.127 Thread 0x0000029860f65a80 Exception <a 'sun/nio/fs/WindowsException'{0x00000000eb1f2260}> (0x00000000eb1f2260) 
thrown [s\src\hotspot\share\prims\jni.cpp, line 516]
Event: 8.134 Thread 0x0000029860f65a80 Exception <a 'sun/nio/fs/WindowsException'{0x00000000eb2365e8}> (0x00000000eb2365e8) 
thrown [s\src\hotspot\share\prims\jni.cpp, line 516]
Event: 8.134 Thread 0x0000029860f65a80 Exception <a 'sun/nio/fs/WindowsException'{0x00000000eb236c40}> (0x00000000eb236c40) 
thrown [s\src\hotspot\share\prims\jni.cpp, line 516]
Event: 8.137 Thread 0x0000029860f65a80 Exception <a 'sun/nio/fs/WindowsException'{0x00000000eb237988}> (0x00000000eb237988) 
thrown [s\src\hotspot\share\prims\jni.cpp, line 516]
Event: 8.137 Thread 0x0000029860f65a80 Exception <a 'sun/nio/fs/WindowsException'{0x00000000eb237fe0}> (0x00000000eb237fe0) 
thrown [s\src\hotspot\share\prims\jni.cpp, line 516]
Event: 8.137 Thread 0x0000029860f65a80 Exception <a 'sun/nio/fs/WindowsException'{0x00000000eb238ea0}> (0x00000000eb238ea0) 
thrown [s\src\hotspot\share\prims\jni.cpp, line 516]
Event: 8.138 Thread 0x0000029860f65a80 Exception <a 'sun/nio/fs/WindowsException'{0x00000000eb2394f8}> (0x00000000eb2394f8) 
thrown [s\src\hotspot\share\prims\jni.cpp, line 516]
Event: 8.151 Thread 0x0000029860f664a0 Exception <a 'sun/nio/fs/WindowsException'{0x00000000eb394be8}> (0x00000000eb394be8) 
thrown [s\src\hotspot\share\prims\jni.cpp, line 516]
Event: 8.151 Thread 0x0000029860f664a0 Exception <a 'sun/nio/fs/WindowsException'{0x00000000eb394f98}> (0x00000000eb394f98) 
thrown [s\src\hotspot\share\prims\jni.cpp, line 516]
Event: 8.167 Thread 0x0000029862572430 Exception <a 'sun/nio/fs/WindowsException'{0x00000000eb5b3d88}> (0x00000000eb5b3d88) 
thrown [s\src\hotspot\share\prims\jni.cpp, line 516]
Event: 8.167 Thread 0x0000029862572430 Exception <a 'sun/nio/fs/WindowsException'{0x00000000eb5b4688}> (0x00000000eb5b4688) 
thrown [s\src\hotspot\share\prims\jni.cpp, line 516]
Event: 8.168 Thread 0x0000029862572430 Exception <a 'sun/nio/fs/WindowsException'{0x00000000eb5b5678}> (0x00000000eb5b5678) 
thrown [s\src\hotspot\share\prims\jni.cpp, line 516]
Event: 8.168 Thread 0x0000029862572430 Exception <a 'sun/nio/fs/WindowsException'{0x00000000eb5b5f78}> (0x00000000eb5b5f78) 
thrown [s\src\hotspot\share\prims\jni.cpp, line 516]
Event: 8.168 Thread 0x0000029862572430 Exception <a 'sun/nio/fs/WindowsException'{0x00000000eb5b7100}> (0x00000000eb5b7100) 
thrown [s\src\hotspot\share\prims\jni.cpp, line 516]
Event: 8.168 Thread 0x0000029862572430 Exception <a 'sun/nio/fs/WindowsException'{0x00000000eb5b7a00}> (0x00000000eb5b7a00) 
thrown [s\src\hotspot\share\prims\jni.cpp, line 516]
Event: 8.196 Thread 0x0000029862575be0 Exception <a 'sun/nio/fs/WindowsException'{0x00000000eb7f31e0}> (0x00000000eb7f31e0) 
thrown [s\src\hotspot\share\prims\jni.cpp, line 516]
Event: 8.480 Thread 0x0000029860f65a80 Exception <a 'java/lang/NoSuchMethodError'{0x00000000eb224b70}: 'java.lang.Object java.lang.invoke.DirectMethodHandle$Holder.invokeSpecial(java.lang.Object, java.lang.Object, int, long)'> (0x00000000eb224b70) 
thrown [s\src\hotspot\share\interpreter\linkResolver.cpp, line 759]
Event: 8.528 Thread 0x00000298625747a0 Exception <a 'java/lang/NoSuchMethodError'{0x00000000eb833158}: 'java.lang.Object java.lang.invoke.DirectMethodHandle$Holder.invokeStatic(java.lang.Object, java.lang.Object, int, java.lang.Object)'> (0x00000000eb833158) 
thrown [s\src\hotspot\share\interpreter\linkResolver.cpp, line 759]
Event: 8.529 Thread 0x00000298625747a0 Exception <a 'java/lang/NoSuchMethodError'{0x00000000eb899370}: 'java.lang.Object java.lang.invoke.DirectMethodHandle$Holder.newInvokeSpecial(java.lang.Object, java.lang.Object, int)'> (0x00000000eb899370) 
thrown [s\src\hotspot\share\interpreter\linkResolver.cpp, line 759]

VM Operations (20 events):
Event: 8.072 Executing VM operation: ParallelGCFailedAllocation
Event: 8.073 Executing VM operation: ParallelGCFailedAllocation done
Event: 8.173 Executing VM operation: HandshakeAllThreads
Event: 8.173 Executing VM operation: HandshakeAllThreads done
Event: 8.177 Executing VM operation: HandshakeAllThreads
Event: 8.177 Executing VM operation: HandshakeAllThreads done
Event: 8.261 Executing VM operation: ParallelGCFailedAllocation
Event: 8.263 Executing VM operation: ParallelGCFailedAllocation done
Event: 8.346 Executing VM operation: ParallelGCFailedAllocation
Event: 8.384 Executing VM operation: ParallelGCFailedAllocation done
Event: 8.415 Executing VM operation: ParallelGCFailedAllocation
Event: 8.421 Executing VM operation: ParallelGCFailedAllocation done
Event: 8.444 Executing VM operation: ParallelGCFailedAllocation
Event: 8.452 Executing VM operation: ParallelGCFailedAllocation done
Event: 8.487 Executing VM operation: HandshakeAllThreads
Event: 8.488 Executing VM operation: HandshakeAllThreads done
Event: 8.488 Executing VM operation: HandshakeAllThreads
Event: 8.488 Executing VM operation: HandshakeAllThreads done
Event: 8.550 Executing VM operation: ParallelGCFailedAllocation
Event: 8.601 Executing VM operation: ParallelGCFailedAllocation done

Events (20 events):
Event: 8.215 loading class com/sun/crypto/provider/FeedbackCipher
Event: 8.216 loading class com/sun/crypto/provider/FeedbackCipher done
Event: 8.216 loading class com/sun/crypto/provider/ElectronicCodeBook done
Event: 8.216 loading class com/sun/crypto/provider/PKCS5Padding
Event: 8.216 loading class com/sun/crypto/provider/Padding
Event: 8.216 loading class com/sun/crypto/provider/Padding done
Event: 8.216 loading class com/sun/crypto/provider/PKCS5Padding done
Event: 8.216 loading class com/sun/crypto/provider/CipherBlockChaining
Event: 8.217 loading class com/sun/crypto/provider/CipherBlockChaining done
Event: 8.217 loading class javax/crypto/NullCipher
Event: 8.217 loading class javax/crypto/NullCipher done
Event: 8.217 loading class sun/security/util/ArrayUtil
Event: 8.217 loading class sun/security/util/ArrayUtil done
Event: 8.251 loading class java/util/zip/CheckedInputStream
Event: 8.251 loading class java/util/zip/CheckedInputStream done
Event: 8.304 loading class java/util/zip/GZIPInputStream$1
Event: 8.304 loading class java/util/zip/GZIPInputStream$1 done
Event: 8.463 Thread 0x0000029862575be0 Thread exited: 0x0000029862575be0
Event: 8.494 loading class java/util/regex/Pattern$1
Event: 8.494 loading class java/util/regex/Pattern$1 done


Dynamic libraries:
0x00007ff7133c0000 - 0x00007ff7133ce000 	c:\Users\ankit\.vscode\extensions\redhat.java-1.33.0-win32-x64\jre\17.0.11-win32-x86_64\bin\java.exe
0x00007ff8c3f60000 - 0x00007ff8c4169000 	C:\windows\SYSTEM32\ntdll.dll
0x00007ff8c2900000 - 0x00007ff8c29be000 	C:\windows\System32\KERNEL32.DLL
0x00007ff8c1a40000 - 0x00007ff8c1dc4000 	C:\windows\System32\KERNELBASE.dll
0x00007ff8c1440000 - 0x00007ff8c1551000 	C:\windows\System32\ucrtbase.dll
0x00007ff88a140000 - 0x00007ff88a15b000 	c:\Users\ankit\.vscode\extensions\redhat.java-1.33.0-win32-x64\jre\17.0.11-win32-x86_64\bin\VCRUNTIME140.dll
0x00007ff886520000 - 0x00007ff886537000 	c:\Users\ankit\.vscode\extensions\redhat.java-1.33.0-win32-x64\jre\17.0.11-win32-x86_64\bin\jli.dll
0x00007ff8c3110000 - 0x00007ff8c32bd000 	C:\windows\System32\USER32.dll
0x00007ff8c1410000 - 0x00007ff8c1436000 	C:\windows\System32\win32u.dll
0x00007ff8a2f80000 - 0x00007ff8a3225000 	C:\windows\WinSxS\amd64_microsoft.windows.common-controls_6595b64144ccf1df_6.0.22000.120_none_9d947278b86cc467\COMCTL32.dll
0x00007ff8c21d0000 - 0x00007ff8c21fa000 	C:\windows\System32\GDI32.dll
0x00007ff8c2200000 - 0x00007ff8c22a3000 	C:\windows\System32\msvcrt.dll
0x00007ff8c17b0000 - 0x00007ff8c18cf000 	C:\windows\System32\gdi32full.dll
0x00007ff8c1650000 - 0x00007ff8c16ed000 	C:\windows\System32\msvcp_win.dll
0x00007ff8c3c60000 - 0x00007ff8c3c91000 	C:\windows\System32\IMM32.DLL
0x00007ff8a17c0000 - 0x00007ff8a17cc000 	c:\Users\ankit\.vscode\extensions\redhat.java-1.33.0-win32-x64\jre\17.0.11-win32-x86_64\bin\vcruntime140_1.dll
0x00007ff86e4b0000 - 0x00007ff86e53d000 	c:\Users\ankit\.vscode\extensions\redhat.java-1.33.0-win32-x64\jre\17.0.11-win32-x86_64\bin\msvcp140.dll
0x00007ff868420000 - 0x00007ff869082000 	c:\Users\ankit\.vscode\extensions\redhat.java-1.33.0-win32-x64\jre\17.0.11-win32-x86_64\bin\server\jvm.dll
0x00007ff8c29c0000 - 0x00007ff8c2a6f000 	C:\windows\System32\ADVAPI32.dll
0x00007ff8c2860000 - 0x00007ff8c28fe000 	C:\windows\System32\sechost.dll
0x00007ff8c3b30000 - 0x00007ff8c3c51000 	C:\windows\System32\RPCRT4.dll
0x00007ff8bfd00000 - 0x00007ff8bfd4d000 	C:\windows\SYSTEM32\POWRPROF.dll
0x00007ff8bad80000 - 0x00007ff8badb3000 	C:\windows\SYSTEM32\WINMM.dll
0x00007ff8a1580000 - 0x00007ff8a1589000 	C:\windows\SYSTEM32\WSOCK32.dll
0x00007ff8c2ae0000 - 0x00007ff8c2b4f000 	C:\windows\System32\WS2_32.dll
0x00007ff8b9680000 - 0x00007ff8b968a000 	C:\windows\SYSTEM32\VERSION.dll
0x00007ff8bfdf0000 - 0x00007ff8bfe03000 	C:\windows\SYSTEM32\UMPDC.dll
0x00007ff8c0550000 - 0x00007ff8c0568000 	C:\windows\SYSTEM32\kernel.appcore.dll
0x00007ff8a1090000 - 0x00007ff8a109a000 	c:\Users\ankit\.vscode\extensions\redhat.java-1.33.0-win32-x64\jre\17.0.11-win32-x86_64\bin\jimage.dll
0x00007ff8bedc0000 - 0x00007ff8befe1000 	C:\windows\SYSTEM32\DBGHELP.DLL
0x00007ff89e730000 - 0x00007ff89e761000 	C:\windows\SYSTEM32\dbgcore.DLL
0x00007ff8c15d0000 - 0x00007ff8c164f000 	C:\windows\System32\bcryptPrimitives.dll
0x00007ff893f50000 - 0x00007ff893f5e000 	c:\Users\ankit\.vscode\extensions\redhat.java-1.33.0-win32-x64\jre\17.0.11-win32-x86_64\bin\instrument.dll
0x00007ff87d8b0000 - 0x00007ff87d8d5000 	c:\Users\ankit\.vscode\extensions\redhat.java-1.33.0-win32-x64\jre\17.0.11-win32-x86_64\bin\java.dll
0x00007ff87d890000 - 0x00007ff87d8a8000 	c:\Users\ankit\.vscode\extensions\redhat.java-1.33.0-win32-x64\jre\17.0.11-win32-x86_64\bin\zip.dll
0x00007ff8c32c0000 - 0x00007ff8c3a85000 	C:\windows\System32\SHELL32.dll
0x00007ff8bf480000 - 0x00007ff8bfce4000 	C:\windows\SYSTEM32\windows.storage.dll
0x00007ff8c2d90000 - 0x00007ff8c3106000 	C:\windows\System32\combase.dll
0x00007ff8bf310000 - 0x00007ff8bf477000 	C:\windows\SYSTEM32\wintypes.dll
0x00007ff8c2bb0000 - 0x00007ff8c2c9a000 	C:\windows\System32\SHCORE.dll
0x00007ff8c27f0000 - 0x00007ff8c284d000 	C:\windows\System32\shlwapi.dll
0x00007ff8c1340000 - 0x00007ff8c1361000 	C:\windows\SYSTEM32\profapi.dll
0x00007ff87d870000 - 0x00007ff87d889000 	C:\Users\ankit\.vscode\extensions\redhat.java-1.33.0-win32-x64\jre\17.0.11-win32-x86_64\bin\net.dll
0x00007ff8bcdf0000 - 0x00007ff8bcf03000 	C:\windows\SYSTEM32\WINHTTP.dll
0x00007ff8c0a20000 - 0x00007ff8c0a87000 	C:\windows\system32\mswsock.dll
0x00007ff87c190000 - 0x00007ff87c1a6000 	C:\Users\ankit\.vscode\extensions\redhat.java-1.33.0-win32-x64\jre\17.0.11-win32-x86_64\bin\nio.dll
0x00007ff88f820000 - 0x00007ff88f830000 	c:\Users\ankit\.vscode\extensions\redhat.java-1.33.0-win32-x64\jre\17.0.11-win32-x86_64\bin\verify.dll
0x00007ff869250000 - 0x00007ff869295000 	C:\Users\ankit\AppData\Roaming\Code\User\globalStorage\redhat.java\1.33.0\config_win\org.eclipse.equinox.launcher\org.eclipse.equinox.launcher.win32.win32.x86_64_1.2.1100.v20240722-2106\eclipse_11904.dll
0x00007ff8c3ca0000 - 0x00007ff8c3e3a000 	C:\windows\System32\ole32.dll
0x00007ff8c0c80000 - 0x00007ff8c0c98000 	C:\windows\SYSTEM32\CRYPTSP.dll
0x00007ff8c04b0000 - 0x00007ff8c04e5000 	C:\windows\system32\rsaenh.dll
0x00007ff8c0b20000 - 0x00007ff8c0b49000 	C:\windows\SYSTEM32\USERENV.dll
0x00007ff8c0df0000 - 0x00007ff8c0e17000 	C:\windows\SYSTEM32\bcrypt.dll
0x00007ff8c0c70000 - 0x00007ff8c0c7c000 	C:\windows\SYSTEM32\CRYPTBASE.dll
0x00007ff8c0010000 - 0x00007ff8c003d000 	C:\windows\SYSTEM32\IPHLPAPI.DLL
0x00007ff8c2a70000 - 0x00007ff8c2a79000 	C:\windows\System32\NSI.dll
0x00007ff8bcbe0000 - 0x00007ff8bcbf9000 	C:\windows\SYSTEM32\dhcpcsvc6.DLL
0x00007ff8bd0e0000 - 0x00007ff8bd0fe000 	C:\windows\SYSTEM32\dhcpcsvc.DLL
0x00007ff8c0040000 - 0x00007ff8c0128000 	C:\windows\SYSTEM32\DNSAPI.dll
0x00007ff8691b0000 - 0x00007ff8691f5000 	C:\Users\ankit\AppData\Local\Temp\jna-92964745\jna16563347125465310207.dll
0x00007ff8c20a0000 - 0x00007ff8c20a8000 	C:\windows\System32\PSAPI.DLL

dbghelp: loaded successfully - version: 4.0.5 - missing functions: none
symbol engine: initialized successfully - sym options: 0x614 - pdb path: .;c:\Users\ankit\.vscode\extensions\redhat.java-1.33.0-win32-x64\jre\17.0.11-win32-x86_64\bin;C:\windows\SYSTEM32;C:\windows\WinSxS\amd64_microsoft.windows.common-controls_6595b64144ccf1df_6.0.22000.120_none_9d947278b86cc467;c:\Users\ankit\.vscode\extensions\redhat.java-1.33.0-win32-x64\jre\17.0.11-win32-x86_64\bin\server;C:\Users\ankit\AppData\Roaming\Code\User\globalStorage\redhat.java\1.33.0\config_win\org.eclipse.equinox.launcher\org.eclipse.equinox.launcher.win32.win32.x86_64_1.2.1100.v20240722-2106;C:\Users\ankit\AppData\Local\Temp\jna-92964745

VM Arguments:
jvm_args: --add-modules=ALL-SYSTEM --add-opens=java.base/java.util=ALL-UNNAMED --add-opens=java.base/java.lang=ALL-UNNAMED --add-opens=java.base/sun.nio.fs=ALL-UNNAMED -Declipse.application=org.eclipse.jdt.ls.core.id1 -Dosgi.bundles.defaultStartLevel=4 -Declipse.product=org.eclipse.jdt.ls.core.product -Djava.import.generatesMetadataFilesAtProjectRoot=false -DDetectVMInstallationsJob.disabled=true -Dfile.encoding=utf8 -XX:+UseParallelGC -XX:GCTimeRatio=4 -XX:AdaptiveSizePolicyWeight=90 -Dsun.zip.disableMemoryMapping=true -Xmx1G -Xms100m -Xlog:disable -javaagent:c:\Users\ankit\.vscode\extensions\redhat.java-1.33.0-win32-x64\lombok\lombok-1.18.33.jar -XX:+HeapDumpOnOutOfMemoryError -XX:HeapDumpPath=c:\Users\ankit\AppData\Roaming\Code\User\workspaceStorage\6f5d324c18fec9a86b4db307edc36c5f\redhat.java -Daether.dependencyCollector.impl=bf 
java_command: c:\Users\ankit\.vscode\extensions\redhat.java-1.33.0-win32-x64\server\plugins\org.eclipse.equinox.launcher_1.6.900.v20240613-2009.jar -configuration c:\Users\ankit\AppData\Roaming\Code\User\globalStorage\redhat.java\1.33.0\config_win -data c:\Users\ankit\AppData\Roaming\Code\User\workspaceStorage\6f5d324c18fec9a86b4db307edc36c5f\redhat.java\jdt_ws --pipe=\\.\pipe\lsp-e246a38dacea0689d17c5307cc2a1d37-sock
java_class_path (initial): c:\Users\ankit\.vscode\extensions\redhat.java-1.33.0-win32-x64\server\plugins\org.eclipse.equinox.launcher_1.6.900.v20240613-2009.jar
Launcher Type: SUN_STANDARD

[Global flags]
    uintx AdaptiveSizePolicyWeight                 = 90                                        {product} {command line}
     intx CICompilerCount                          = 4                                         {product} {ergonomic}
    uintx GCTimeRatio                              = 4                                         {product} {command line}
     bool HeapDumpOnOutOfMemoryError               = true                                   {manageable} {command line}
    ccstr HeapDumpPath                             = c:\Users\ankit\AppData\Roaming\Code\User\workspaceStorage\6f5d324c18fec9a86b4db307edc36c5f\redhat.java         {manageable} {command line}
   size_t InitialHeapSize                          = 104857600                                 {product} {command line}
   size_t MaxHeapSize                              = 1073741824                                {product} {command line}
   size_t MaxNewSize                               = 357564416                                 {product} {ergonomic}
   size_t MinHeapDeltaBytes                        = 524288                                    {product} {ergonomic}
   size_t MinHeapSize                              = 104857600                                 {product} {command line}
   size_t NewSize                                  = 34603008                                  {product} {ergonomic}
    uintx NonNMethodCodeHeapSize                   = 5839372                                {pd product} {ergonomic}
    uintx NonProfiledCodeHeapSize                  = 122909434                              {pd product} {ergonomic}
   size_t OldSize                                  = 70254592                                  {product} {ergonomic}
    uintx ProfiledCodeHeapSize                     = 122909434                              {pd product} {ergonomic}
    uintx ReservedCodeCacheSize                    = 251658240                              {pd product} {ergonomic}
     bool SegmentedCodeCache                       = true                                      {product} {ergonomic}
   size_t SoftMaxHeapSize                          = 1073741824                             {manageable} {ergonomic}
     bool UseCompressedClassPointers               = true                           {product lp64_product} {ergonomic}
     bool UseCompressedOops                        = true                           {product lp64_product} {ergonomic}
     bool UseLargePagesIndividualAllocation        = false                                  {pd product} {ergonomic}
     bool UseParallelGC                            = true                                      {product} {command line}

Logging:
Log output configuration:
 #0: stdout all=off uptime,level,tags
 #1: stderr all=off uptime,level,tags

Environment Variables:
JAVA_HOME=C:\Program Files\Java\jdk1.8.0_202
PATH=C:\Program Files\Eclipse Adoptium\jdk-8.0.412.8-hotspot\bin;C:\Program Files (x86)\Common Files\Oracle\Java\javapath;C:\Python312\Scripts\;C:\Python312\;C:\Program Files\Common Files\Oracle\Java\javapath;C:\windows\system32;C:\windows;C:\windows\System32\Wbem;C:\windows\System32\WindowsPowerShell\v1.0\;C:\windows\System32\OpenSSH\;C:\Program Files (x86)\NVIDIA Corporation\PhysX\Common;C:\Program Files\NVIDIA Corporation\NVIDIA NvDLISR;C:\MinGW\bin;C:\Program Files\MySQL\MySQL Server 8.0\bin;C:\ProgramData\chocolatey\bin;C:\Program Files\nodejs\;C:\Program Files\MySQL\MySQL Server 8.0\bin;C:\Program Files\HP\HP One Agent;C:\Program Files\Maven\apache-maven-3.9.7\bin;C:\Program Files\Java\jdk1.8.0_202\bin;C:\Program Files\Git\cmd;C:\Program Files\Git\mingw64\bin;C:\Program Files\Git\usr\bin;C:\Program Files\MySQL\MySQL Shell 8.0\bin\;C:\Users\ankit\AppData\Local\Programs\Python\Python310\Scripts\;C:\Users\ankit\AppData\Local\Programs\Python\Python310\;C:\Users\ankit\AppData\Local\Microsoft\WindowsApps;C:\Users\ankit\AppData\Local\Programs\Microsoft VS Code\bin;C:\Users\ankit\AppData\Local\JetBrains\PyCharm Community Edition 2022.1.2\bin;;C:\Users\ankit\AppData\Local\Programs\mongosh\;C:\Users\ankit\AppData\Roaming\npm;C:\Users\ankit\AppData\Local\Google\Cloud SDK\google-cloud-sdk\bin;C:\Program Files\Maven\apache-maven-3.9.7\bin;C:\Program Files\Java\jdk1.8.0_202\bin;C:\src\flutter\bin;
USERNAME=ankit
OS=Windows_NT
PROCESSOR_IDENTIFIER=Intel64 Family 6 Model 140 Stepping 1, GenuineIntel
TMP=C:\Users\ankit\AppData\Local\Temp
TEMP=C:\Users\ankit\AppData\Local\Temp



Periodic native trim disabled


---------------  S Y S T E M  ---------------

OS:
 Windows 11 , 64 bit Build 22000 (10.0.22000.1880)
OS uptime: 0 days 0:17 hours
Hyper-V role detected

CPU: total 8 (initial active 8) (4 cores per cpu, 2 threads per core) family 6 model 140 stepping 1 microcode 0xa4, cx8, cmov, fxsr, ht, mmx, 3dnowpref, sse, sse2, sse3, ssse3, sse4.1, sse4.2, popcnt, lzcnt, tsc, tscinvbit, avx, avx2, aes, erms, clmul, bmi1, bmi2, adx, avx512f, avx512dq, avx512cd, avx512bw, avx512vl, sha, fma, vzeroupper, avx512_vpopcntdq, avx512_vpclmulqdq, avx512_vaes, avx512_vnni, clflush, clflushopt, clwb, avx512_vbmi2, avx512_vbmi, hv
Processor Information for all 8 processors :
  Max Mhz: 3110, Current Mhz: 3110, Mhz Limit: 3110

Memory: 4k page, system-wide physical 7937M (1038M free)
TotalPageFile size 11075M (AvailPageFile size 6M)
current process WorkingSet (physical memory assigned to process): 302M, peak: 302M
current process commit charge ("private bytes"): 352M, peak: 956M

vm_info: OpenJDK 64-Bit Server VM (17.0.11+9) for windows-amd64 JRE (17.0.11+9), built on Apr 17 2024 06:07:48 by "admin" with MS VC++ 16.10 / 16.11 (VS2019)

END.
